[16:05:40] [main/INFO] (FabricLoader/GameProvider) Loading Minecraft 1.21.3 with Fabric Loader 0.16.7
[16:05:40] [main/INFO] (FabricLoader) Loading 44 mods:
	- fabric-api 0.106.1+1.21.3
	- fabric-api-base 0.4.48+2127dc7240
	- fabric-api-lookup-api-v1 1.6.78+c47b9d4340
	- fabric-biome-api-v1 14.0.5+c47b9d4340
	- fabric-block-api-v1 1.0.28+c47b9d4340
	- fabric-block-view-api-v2 1.0.16+c47b9d4340
	- fabric-command-api-v1 1.2.56+f71b366f40
	- fabric-command-api-v2 2.2.35+c47b9d4340
	- fabric-commands-v0 0.2.73+df3654b340
	- fabric-content-registries-v0 9.1.5+c47b9d4340
	- fabric-convention-tags-v1 2.1.0+7f945d5b40
	- fabric-convention-tags-v2 2.9.0+c47b9d4340
	- fabric-crash-report-info-v1 0.3.3+c47b9d4340
	- fabric-data-attachment-api-v1 1.1.38+c47b9d4340
	- fabric-data-generation-api-v1 21.0.14+c47b9d4340
	- fabric-dimensions-v1 4.0.7+c47b9d4340
	- fabric-entity-events-v1 2.0.5+c47b9d4340
	- fabric-events-interaction-v0 2.0.9+c47b9d4340
	- fabric-game-rule-api-v1 1.0.59+c47b9d4340
	- fabric-gametest-api-v1 2.0.13+c47b9d4340
	- fabric-item-api-v1 11.1.5+c47b9d4340
	- fabric-item-group-api-v1 4.1.15+e7c9ab6640
	- fabric-lifecycle-events-v1 2.3.22+c47b9d4340
	- fabric-loot-api-v2 3.0.24+3f89f5a540
	- fabric-loot-api-v3 1.0.12+c47b9d4340
	- fabric-message-api-v1 6.0.19+c47b9d4340
	- fabric-networking-api-v1 4.3.3+56ec7ac640
	- fabric-object-builder-api-v1 17.0.7+c47b9d4340
	- fabric-particles-v1 4.0.8+c47b9d4340
	- fabric-recipe-api-v1 7.0.2+c47b9d4340
	- fabric-registry-sync-v0 5.2.0+56ec7ac640
	- fabric-rendering-data-attachment-v1 0.3.54+73761d2e40
	- fabric-rendering-fluids-v1 3.1.13+c47b9d4340
	- fabric-resource-conditions-api-v1 5.0.8+c47b9d4340
	- fabric-resource-loader-v0 3.0.5+c47b9d4340
	- fabric-screen-handler-api-v1 1.3.98+c47b9d4340
	- fabric-transfer-api-v1 5.4.0+c47b9d4340
	- fabric-transitive-access-wideners-v1 6.1.8+c47b9d4340
	- fabricloader 0.16.7
	- java 21
	- midnightlib 1.6.4
	- minecraft 1.21.3
	- mixinextras 0.4.1
	- terrainslabs 1.0.3
[16:05:40] [main/INFO] (FabricLoader/Mixin) SpongePowered MIXIN Subsystem Version=0.8.7 Source=file:/C:/Users/erikb/.gradle/caches/modules-2/files-2.1/net.fabricmc/sponge-mixin/0.15.3+mixin.0.8.7/51ee0a44ab05f6fddd66b09e66b3a16904f9c55d/sponge-mixin-0.15.3+mixin.0.8.7.jar Service=Knot/Fabric Env=SERVER
[16:05:41] [main/INFO] (FabricLoader/Mixin) Loaded Fabric development mappings for mixin remapper!
[16:05:41] [main/INFO] (FabricLoader/Mixin) Compatibility level set to JAVA_21
[16:05:42] [main/INFO] (FabricLoader/MixinExtras|Service) Initializing MixinExtras via com.llamalad7.mixinextras.service.MixinExtrasServiceImpl(version=0.4.1).
[16:05:55] [main/INFO] (terrainslabs) Initializing TerrainSlabs
[16:05:55] [main/INFO] (terrainslabs) Registering Mod Blocks for terrainslabs
[16:05:55] [main/INFO] (terrainslabs) Registering Mod Item Groups
[16:05:56] [main/INFO] (FabricDataGenHelper) Running data generator for terrainslabs
[16:05:56] [main/INFO] (Minecraft) Starting provider: Countered's Terrain Slabs/World Generator
[16:05:56] [main/INFO] (Minecraft) Countered's Terrain Slabs/World Generator finished after 30 ms
[16:05:56] [main/INFO] (Minecraft) Starting provider: Countered's Terrain Slabs/Model Definitions
[16:05:56] [main/INFO] (Minecraft) Countered's Terrain Slabs/Model Definitions finished after 113 ms
[16:05:56] [main/INFO] (Minecraft) Starting provider: Countered's Terrain Slabs/Block Loot Tables
[16:05:57] [main/INFO] (Minecraft) Countered's Terrain Slabs/Block Loot Tables finished after 55 ms
[16:05:57] [main/INFO] (Minecraft) Starting provider: Countered's Terrain Slabs/Tags for minecraft:block
[16:05:57] [main/INFO] (Minecraft) Countered's Terrain Slabs/Tags for minecraft:block finished after 17 ms
[16:05:57] [main/INFO] (Minecraft) Starting provider: Countered's Terrain Slabs/Recipe Generator
[16:05:57] [main/INFO] (Minecraft) Countered's Terrain Slabs/Recipe Generator finished after 85 ms
[16:05:57] [main/INFO] (Minecraft) All providers took: 305 ms
[16:05:57] [main/INFO] (Minecraft) Caching: total files: 201, old count: 200, new count: 202, removed stale: 0, written: 38
